  Building Custom Rule G:/my_program/cpp/Breakout/src/yse/YseEngine/CMakeLists.txt
  BufferIO.cpp
G:\my_program\cpp\Breakout\src\yse\YseEngine\BufferIO.cpp(9,10): fatal error C1083: 无法打开包括文件: “sndfile.hh”: No such file or directory
  io.cpp
G:\my_program\cpp\Breakout\src\yse\YseEngine\internal\../../dependencies/libsndfile/include/sndfile.hh(55,10): fatal error C1083: 无法打开包括文件: “sndfile.h”: No such file or directory
  listener.cpp
G:\my_program\cpp\Breakout\src\yse\YseEngine\device/portaudioDeviceManager.h(21,10): fatal error C1083: 无法打开包括文件: “portaudio.h”: No such file or directory
  log.cpp
G:\my_program\cpp\Breakout\src\yse\YseEngine\device/portaudioDeviceManager.h(21,10): fatal error C1083: 无法打开包括文件: “portaudio.h”: No such file or directory
  system.cpp
G:\my_program\cpp\Breakout\src\yse\YseEngine\device/portaudioDeviceManager.h(21,10): fatal error C1083: 无法打开包括文件: “portaudio.h”: No such file or directory
  channelImplementation.cpp
G:\my_program\cpp\Breakout\src\yse\YseEngine\device/portaudioDeviceManager.h(21,10): fatal error C1083: 无法打开包括文件: “portaudio.h”: No such file or directory
  channelInterface.cpp
G:\my_program\cpp\Breakout\src\yse\YseEngine\device/portaudioDeviceManager.h(21,10): fatal error C1083: 无法打开包括文件: “portaudio.h”: No such file or directory
  channelManager.cpp
G:\my_program\cpp\Breakout\src\yse\YseEngine\device/portaudioDeviceManager.h(21,10): fatal error C1083: 无法打开包括文件: “portaudio.h”: No such file or directory
  androidDeviceManager.cpp
  deviceInterface.cpp
G:\my_program\cpp\Breakout\src\yse\YseEngine\device/portaudioDeviceManager.h(21,10): fatal error C1083: 无法打开包括文件: “portaudio.h”: No such file or directory
  deviceManager.cpp
G:\my_program\cpp\Breakout\src\yse\YseEngine\device/portaudioDeviceManager.h(21,10): fatal error C1083: 无法打开包括文件: “portaudio.h”: No such file or directory
  deviceSetup.cpp
G:\my_program\cpp\Breakout\src\yse\YseEngine\device/portaudioDeviceManager.h(21,10): fatal error C1083: 无法打开包括文件: “portaudio.h”: No such file or directory
  juceDeviceManager.cpp
  OpenSL.cpp
  OpenSLImplementation.cpp
  portaudioDeviceManager.cpp
G:\my_program\cpp\Breakout\include\yse\utils/vector.hpp(30,31): warning C4244: “return”: 从“double”转换到“Flt”，可能丢失数据
G:\my_program\cpp\Breakout\include\yse\utils/vector.hpp(99,16): warning C4244: “return”: 从“double”转换到“Flt”，可能丢失数据
G:\my_program\cpp\Breakout\src\yse\YseEngine\device\portaudioDeviceManager.h(21,10): fatal error C1083: 无法打开包括文件: “portaudio.h”: No such file or directory
  ADSRenvelope.cpp
  buffer.cpp
  delay.cpp
  drawableBuffer.cpp
  正在生成代码...
  正在编译...
  dspObject.cpp
  envelope.cpp
G:\my_program\cpp\Breakout\src\yse\YseEngine\device/portaudioDeviceManager.h(21,10): fatal error C1083: 无法打开包括文件: “portaudio.h”: No such file or directory
  fileBuffer.cpp
G:\my_program\cpp\Breakout\src\yse\YseEngine\device/portaudioDeviceManager.h(21,10): fatal error C1083: 无法打开包括文件: “portaudio.h”: No such file or directory
  filters.cpp
G:\my_program\cpp\Breakout\src\yse\YseEngine\dsp\filters.cpp(390,9): warning C4068: 未知的杂注“clang”
G:\my_program\cpp\Breakout\src\yse\YseEngine\dsp\filters.cpp(391,9): warning C4068: 未知的杂注“clang”
G:\my_program\cpp\Breakout\src\yse\YseEngine\dsp\filters.cpp(397,9): warning C4068: 未知的杂注“clang”
  fft.cpp
  mayer.cpp
  interpolate4.cpp
G:\my_program\cpp\Breakout\src\yse\YseEngine\dsp\../utils/misc.hpp(21,83): warning C4018: “>”: 有符号/无符号不匹配
G:\my_program\cpp\Breakout\src\yse\YseEngine\dsp\interpolate4.cpp(27): message : 查看对正在编译的函数 模板 实例化“void YSE::Clamp<Int,int,UInt>(T0 &,T1,T2)”的引用
          with
          [
              T0=Int,
              T1=int,
              T2=UInt
          ]
  lfo.cpp
  math.cpp
G:\my_program\cpp\Breakout\src\yse\YseEngine\dsp\math.cpp(183,9): warning C4068: 未知的杂注“clang”
G:\my_program\cpp\Breakout\src\yse\YseEngine\dsp\math.cpp(184,9): warning C4068: 未知的杂注“clang”
G:\my_program\cpp\Breakout\src\yse\YseEngine\dsp\math.cpp(189,9): warning C4068: 未知的杂注“clang”
G:\my_program\cpp\Breakout\src\yse\YseEngine\dsp\math.cpp(204,9): warning C4068: 未知的杂注“clang”
G:\my_program\cpp\Breakout\src\yse\YseEngine\dsp\math.cpp(205,9): warning C4068: 未知的杂注“clang”
G:\my_program\cpp\Breakout\src\yse\YseEngine\dsp\math.cpp(214,9): warning C4068: 未知的杂注“clang”
G:\my_program\cpp\Breakout\src\yse\YseEngine\dsp\math.cpp(226,9): warning C4068: 未知的杂注“clang”
G:\my_program\cpp\Breakout\src\yse\YseEngine\dsp\math.cpp(227,9): warning C4068: 未知的杂注“clang”
G:\my_program\cpp\Breakout\src\yse\YseEngine\dsp\math.cpp(236,9): warning C4068: 未知的杂注“clang”
G:\my_program\cpp\Breakout\src\yse\YseEngine\dsp\math.cpp(248,9): warning C4068: 未知的杂注“clang”
G:\my_program\cpp\Breakout\src\yse\YseEngine\dsp\math.cpp(249,9): warning C4068: 未知的杂注“clang”
G:\my_program\cpp\Breakout\src\yse\YseEngine\dsp\math.cpp(258,9): warning C4068: 未知的杂注“clang”
G:\my_program\cpp\Breakout\src\yse\YseEngine\dsp\math.cpp(270,9): warning C4068: 未知的杂注“clang”
G:\my_program\cpp\Breakout\src\yse\YseEngine\dsp\math.cpp(271,9): warning C4068: 未知的杂注“clang”
G:\my_program\cpp\Breakout\src\yse\YseEngine\dsp\math.cpp(280,9): warning C4068: 未知的杂注“clang”
  math_functions.cpp
G:\my_program\cpp\Breakout\src\yse\YseEngine\dsp\math_functions.cpp(17,9): warning C4068: 未知的杂注“clang”
G:\my_program\cpp\Breakout\src\yse\YseEngine\dsp\math_functions.cpp(18,9): warning C4068: 未知的杂注“clang”
G:\my_program\cpp\Breakout\src\yse\YseEngine\dsp\math_functions.cpp(50,9): warning C4068: 未知的杂注“clang”
G:\my_program\cpp\Breakout\src\yse\YseEngine\dsp\math_functions.cpp(55,14): warning C4244: “初始化”: 从“double”转换到“Flt”，可能丢失数据
G:\my_program\cpp\Breakout\src\yse\YseEngine\dsp\math_functions.cpp(62,14): warning C4244: “初始化”: 从“double”转换到“Flt”，可能丢失数据
G:\my_program\cpp\Breakout\src\yse\YseEngine\dsp\math_functions.cpp(70,14): warning C4244: “return”: 从“double”转换到“Flt”，可能丢失数据
G:\my_program\cpp\Breakout\src\yse\YseEngine\dsp\math_functions.cpp(77,14): warning C4244: “return”: 从“double”转换到“Flt”，可能丢失数据
G:\my_program\cpp\Breakout\src\yse\YseEngine\dsp\math_functions.cpp(112,22): warning C4244: “=”: 从“double”转换到“float”，可能丢失数据
G:\my_program\cpp\Breakout\src\yse\YseEngine\dsp\math_functions.cpp(116,15): warning C4244: “初始化”: 从“double”转换到“float”，可能丢失数据
G:\my_program\cpp\Breakout\src\yse\YseEngine\dsp\math_functions.cpp(117,27): warning C4244: “=”: 从“double”转换到“float”，可能丢失数据
G:\my_program\cpp\Breakout\src\yse\YseEngine\dsp\math_functions.cpp(141,18): warning C4244: “=”: 从“double”转换到“Flt”，可能丢失数据
  basicDelay.cpp
  highpassDelay.cpp
  lowpassDelay.cpp
  bandpass.cpp
  highpass.cpp
  lowpass.cpp
  sweep.cpp
  difference.cpp
  granulator.cpp
G:\my_program\cpp\Breakout\src\yse\YseEngine\dsp\modules\granulator.cpp(39,22): warning C4244: “初始化”: 从“__int64”转换到“int”，可能丢失数据
G:\my_program\cpp\Breakout\src\yse\YseEngine\dsp\modules\granulator.cpp(42,25): warning C4244: “=”: 从“Int”转换到“Flt”，可能丢失数据
G:\my_program\cpp\Breakout\src\yse\YseEngine\dsp\modules\granulator.cpp(67,1): warning C4305: “+=”: 从“double”到“Flt”截断
G:\my_program\cpp\Breakout\src\yse\YseEngine\dsp\modules\granulator.cpp(95,1): warning C4305: “-=”: 从“double”到“Flt”截断
G:\my_program\cpp\Breakout\src\yse\YseEngine\dsp\modules\granulator.cpp(125,26): warning C4305: “参数”: 从“double”到“Flt”截断
  hilbert.cpp
  正在生成代码...
  正在编译...
  phaser.cpp
G:\my_program\cpp\Breakout\src\yse\YseEngine\dsp\modules\phaser.cpp(15,74): warning C4305: “参数”: 从“double”到“const float”截断
G:\my_program\cpp\Breakout\src\yse\YseEngine\dsp\modules\../../utils/misc.hpp(21,68): warning C4244: “=”: 从“T1”转换到“T0”，可能丢失数据
          with
          [
              T1=int
          ]
          and
          [
              T0=Flt
          ]
G:\my_program\cpp\Breakout\src\yse\YseEngine\dsp\modules\phaser.cpp(41): message : 查看对正在编译的函数 模板 实例化“void YSE::Clamp<Flt,int,double>(T0 &,T1,T2)”的引用
          with
          [
              T0=Flt,
              T1=int,
              T2=double
          ]
G:\my_program\cpp\Breakout\src\yse\YseEngine\dsp\modules\../../utils/misc.hpp(21,92): warning C4244: “=”: 从“T2”转换到“T0”，可能丢失数据
          with
          [
              T2=double
          ]
          and
          [
              T0=Flt
          ]
  ringModulator.cpp
  sineWave.cpp
  oscillators.cpp
G:\my_program\cpp\Breakout\src\yse\YseEngine\dsp\oscillators.cpp(276,24): warning C4244: “=”: 从“Dbl”转换到“Flt”，可能丢失数据
  ramp.cpp
  rawFilters.cpp
  sample_functions.cpp
G:\my_program\cpp\Breakout\src\yse\YseEngine\device/portaudioDeviceManager.h(21,10): fatal error C1083: 无法打开包括文件: “portaudio.h”: No such file or directory
  wavetable.cpp
G:\my_program\cpp\Breakout\src\yse\YseEngine\device/portaudioDeviceManager.h(21,10): fatal error C1083: 无法打开包括文件: “portaudio.h”: No such file or directory
  listenerImplementation.cpp
G:\my_program\cpp\Breakout\src\yse\YseEngine\device/portaudioDeviceManager.h(21,10): fatal error C1083: 无法打开包括文件: “portaudio.h”: No such file or directory
  logImplementation.cpp
G:\my_program\cpp\Breakout\src\yse\YseEngine\device/portaudioDeviceManager.h(21,10): fatal error C1083: 无法打开包括文件: “portaudio.h”: No such file or directory
  abstractSoundFile.cpp
G:\my_program\cpp\Breakout\src\yse\YseEngine\device/portaudioDeviceManager.h(21,10): fatal error C1083: 无法打开包括文件: “portaudio.h”: No such file or directory
  customFileReader.cpp
G:\my_program\cpp\Breakout\src\yse\YseEngine\internal\../../dependencies/libsndfile/include/sndfile.hh(55,10): fatal error C1083: 无法打开包括文件: “sndfile.h”: No such file or directory
  global.cpp
G:\my_program\cpp\Breakout\src\yse\YseEngine\device/portaudioDeviceManager.h(21,10): fatal error C1083: 无法打开包括文件: “portaudio.h”: No such file or directory
  juceSoundFile.cpp
  lsfSoundfile.cpp
G:\my_program\cpp\Breakout\src\yse\YseEngine\device/portaudioDeviceManager.h(21,10): fatal error C1083: 无法打开包括文件: “portaudio.h”: No such file or directory
  reverbDSP.cpp
  settings.cpp
  thread.cpp
  threadPool.cpp
  time.cpp
  正在生成代码...
  正在编译...
  underWaterEffect.cpp
G:\my_program\cpp\Breakout\src\yse\YseEngine\device/portaudioDeviceManager.h(21,10): fatal error C1083: 无法打开包括文件: “portaudio.h”: No such file or directory
  virtualFinder.cpp
G:\my_program\cpp\Breakout\src\yse\YseEngine\internal\virtualFinder.cpp(48,26): warning C4267: “=”: 从“size_t”转换到“Int”，可能丢失数据
  cJSON.cpp
G:\my_program\cpp\Breakout\src\yse\YseEngine\json\cJSON.h(26,1): warning C4117: 保留“__cplusplus”宏名，忽略“#define”
  midifile.cpp
G:\my_program\cpp\Breakout\src\yse\YseEngine\device/portaudioDeviceManager.h(21,10): fatal error C1083: 无法打开包括文件: “portaudio.h”: No such file or directory
  midifileImplementation.cpp
G:\my_program\cpp\Breakout\src\yse\YseEngine\device/portaudioDeviceManager.h(21,10): fatal error C1083: 无法打开包括文件: “portaudio.h”: No such file or directory
  midifileManager.cpp
G:\my_program\cpp\Breakout\src\yse\YseEngine\device/portaudioDeviceManager.h(21,10): fatal error C1083: 无法打开包括文件: “portaudio.h”: No such file or directory
  chord.cpp
  note.cpp
G:\my_program\cpp\Breakout\src\yse\YseEngine\device/portaudioDeviceManager.h(21,10): fatal error C1083: 无法打开包括文件: “portaudio.h”: No such file or directory
  pNote.cpp
  motifImplementation.cpp
G:\my_program\cpp\Breakout\src\yse\YseEngine\device/portaudioDeviceManager.h(21,10): fatal error C1083: 无法打开包括文件: “portaudio.h”: No such file or directory
  motifInterface.cpp
G:\my_program\cpp\Breakout\src\yse\YseEngine\device/portaudioDeviceManager.h(21,10): fatal error C1083: 无法打开包括文件: “portaudio.h”: No such file or directory
  motifManager.cpp
G:\my_program\cpp\Breakout\src\yse\YseEngine\device/portaudioDeviceManager.h(21,10): fatal error C1083: 无法打开包括文件: “portaudio.h”: No such file or directory
  scaleImplementation.cpp
G:\my_program\cpp\Breakout\src\yse\YseEngine\device/portaudioDeviceManager.h(21,10): fatal error C1083: 无法打开包括文件: “portaudio.h”: No such file or directory
  scaleInterface.cpp
G:\my_program\cpp\Breakout\src\yse\YseEngine\device/portaudioDeviceManager.h(21,10): fatal error C1083: 无法打开包括文件: “portaudio.h”: No such file or directory
  scaleManager.cpp
G:\my_program\cpp\Breakout\src\yse\YseEngine\device/portaudioDeviceManager.h(21,10): fatal error C1083: 无法打开包括文件: “portaudio.h”: No such file or directory
  dVcf.cpp
  pBandpass.cpp
  pHighpass.cpp
  pLowpass.cpp
  dNoise.cpp
  正在生成代码...
  正在编译...
  dSaw.cpp
  pSine.cpp
  gGate.cpp
  gReceive.cpp
  gRoute.cpp
  gSend.cpp
  gSwitch.cpp
C:\Program Files\Microsoft Visual Studio\2022\Community\VC\Tools\MSVC\14.31.31103\include\xmemory(680,1): warning C4267: “参数”: 从“size_t”转换到“int”，可能丢失数据
C:\Program Files\Microsoft Visual Studio\2022\Community\VC\Tools\MSVC\14.31.31103\include\vector(607): message : 查看对正在编译的函数 模板 实例化“void std::_Default_allocator_traits<_Alloc>::construct<_Ty,YSE::PATCHER::gSwitch*,bool,unsigned __int64>(_Alloc &,_Objty *const ,YSE::PATCHER::gSwitch *&&,bool &&,unsigned __int64 &&)”的引用
          with
          [
              _Alloc=std::allocator<YSE::PATCHER::inlet>,
              _Ty=YSE::PATCHER::inlet,
              _Objty=YSE::PATCHER::inlet
          ]
C:\Program Files\Microsoft Visual Studio\2022\Community\VC\Tools\MSVC\14.31.31103\include\vector(607): message : 查看对正在编译的函数 模板 实例化“void std::_Default_allocator_traits<_Alloc>::construct<_Ty,YSE::PATCHER::gSwitch*,bool,unsigned __int64>(_Alloc &,_Objty *const ,YSE::PATCHER::gSwitch *&&,bool &&,unsigned __int64 &&)”的引用
          with
          [
              _Alloc=std::allocator<YSE::PATCHER::inlet>,
              _Ty=YSE::PATCHER::inlet,
              _Objty=YSE::PATCHER::inlet
          ]
C:\Program Files\Microsoft Visual Studio\2022\Community\VC\Tools\MSVC\14.31.31103\include\vector(625): message : 查看对正在编译的函数 模板 实例化“void std::vector<YSE::PATCHER::inlet,std::allocator<YSE::PATCHER::inlet>>::_Emplace_back_with_unused_capacity<_Ty,bool,unsigned __int64>(_Ty &&,bool &&,unsigned __int64 &&)”的引用
          with
          [
              _Ty=YSE::PATCHER::gSwitch *
          ]
G:\my_program\cpp\Breakout\src\yse\YseEngine\patcher\genericObjects\gSwitch.cpp(48): message : 查看对正在编译的函数 模板 实例化“void std::vector<YSE::PATCHER::inlet,std::allocator<YSE::PATCHER::inlet>>::emplace_back<YSE::PATCHER::gSwitch*,bool,unsigned __int64>(YSE::PATCHER::gSwitch *&&,bool &&,unsigned __int64 &&)”的引用
  pDac.cpp
  pLine.cpp
  gButton.cpp
  gFloat.cpp
  gInt.cpp
  gMessage.cpp
  gSlider.cpp
  gText.cpp
  gToggle.cpp
  inlet.cpp
  dAdd.cpp
  dClip.cpp
  dDivide.cpp
  正在生成代码...
  正在编译...
  dMultiply.cpp
  dSubstract.cpp
  gAdd.cpp
  gCounter.cpp
  gDivide.cpp
  gMultiply.cpp
  gRandom.cpp
  gSubstract.cpp
  pFrequencyToMidi.cpp
  pMidiToFrequency.cpp
  outlet.cpp
  parameters.cpp
  patcher.cpp
  patcherImplementation.cpp
  pHandle.cpp
  pObject.cpp
  pRegistry.cpp
  gMetro.cpp
  TimerThread.cpp
  playerImplementation.cpp
G:\my_program\cpp\Breakout\src\yse\YseEngine\device/portaudioDeviceManager.h(21,10): fatal error C1083: 无法打开包括文件: “portaudio.h”: No such file or directory
  正在生成代码...
  正在编译...
  playerInterface.cpp
G:\my_program\cpp\Breakout\src\yse\YseEngine\device/portaudioDeviceManager.h(21,10): fatal error C1083: 无法打开包括文件: “portaudio.h”: No such file or directory
  playerManager.cpp
G:\my_program\cpp\Breakout\src\yse\YseEngine\device/portaudioDeviceManager.h(21,10): fatal error C1083: 无法打开包括文件: “portaudio.h”: No such file or directory
  reverbImplementation.cpp
  reverbInterface.cpp
G:\my_program\cpp\Breakout\src\yse\YseEngine\device/portaudioDeviceManager.h(21,10): fatal error C1083: 无法打开包括文件: “portaudio.h”: No such file or directory
  reverbManager.cpp
G:\my_program\cpp\Breakout\src\yse\YseEngine\device/portaudioDeviceManager.h(21,10): fatal error C1083: 无法打开包括文件: “portaudio.h”: No such file or directory
  soundImplementation.cpp
G:\my_program\cpp\Breakout\src\yse\YseEngine\device/portaudioDeviceManager.h(21,10): fatal error C1083: 无法打开包括文件: “portaudio.h”: No such file or directory
  soundInterface.cpp
G:\my_program\cpp\Breakout\src\yse\YseEngine\device/portaudioDeviceManager.h(21,10): fatal error C1083: 无法打开包括文件: “portaudio.h”: No such file or directory
  soundManager.cpp
G:\my_program\cpp\Breakout\src\yse\YseEngine\device/portaudioDeviceManager.h(21,10): fatal error C1083: 无法打开包括文件: “portaudio.h”: No such file or directory
  dspSound.cpp
  dspVoice.cpp
  dspVoiceInternal.cpp
  samplerSound.cpp
  synthImplementation.cpp
  synthInterface.cpp
  synthManager.cpp
  fileFunctions.cpp
  interpolators.cpp
  vector.cpp
  正在生成代码...
