  Building Custom Rule G:/my_program/cpp/Breakout/src/yse/Demo.Windows.Native/CMakeLists.txt
  basePage.cpp
  Demo00_PlaySound.cpp
  Demo01_SoundProperties.cpp
  Demo02_3D.cpp
  Demo03_Virtual.cpp
  Demo04_Channels.cpp
  Demo05_Reverb.cpp
G:\my_program\cpp\Breakout\src\yse\Demo.Windows.Native\Demo05_Reverb.cpp(42,96): warning C4305: “参数”: 从“double”到“float”截断
G:\my_program\cpp\Breakout\src\yse\Demo.Windows.Native\Demo05_Reverb.cpp(66,15): warning C4305: “+=”: 从“double”到“float”截断
G:\my_program\cpp\Breakout\src\yse\Demo.Windows.Native\Demo05_Reverb.cpp(74,15): warning C4305: “-=”: 从“double”到“float”截断
  Demo06_Devices.cpp
  Demo07_DspSource.cpp
  Demo08_Occlusion.cpp
  Demo09_Streaming.cpp
  Demo10_FilePosition.cpp
  Demo11_VirtualIO.cpp
  Demo12_AudioTest.cpp
  Demo13_Patcher.cpp
G:\my_program\cpp\Breakout\src\yse\Demo.Windows.Native\Demo13_Patcher.cpp(83,20): warning C4305: “+=”: 从“double”到“float”截断
G:\my_program\cpp\Breakout\src\yse\Demo.Windows.Native\Demo13_Patcher.cpp(88,20): warning C4305: “-=”: 从“double”到“float”截断
  Demo14_LoadPatcher.cpp
G:\my_program\cpp\Breakout\src\yse\Demo.Windows.Native\Demo14_LoadPatcher.cpp(72,20): warning C4305: “+=”: 从“double”到“float”截断
G:\my_program\cpp\Breakout\src\yse\Demo.Windows.Native\Demo14_LoadPatcher.cpp(77,20): warning C4305: “-=”: 从“double”到“float”截断
  Demo15_RestartAudio.cpp
  Demo.Windows.Native.cpp
  MenuAction.cpp
  MenuBasics.cpp
  正在生成代码...
  正在编译...
  MenuDsp.cpp
  MenuOther.cpp
  MenuTop.cpp
  正在生成代码...
LINK : warning LNK4044: 无法识别的选项“/lsndfile”；已忽略
LINK : warning LNK4044: 无法识别的选项“/lportaudio”；已忽略
LINK : warning LNK4044: 无法识别的选项“/lpthread”；已忽略
LINK : fatal error LNK1104: 无法打开文件“..\..\..\YseEngine\libYSE_dlib.so”
