g:\my_program\cpp\breakout\lib\debug\gameutil.pdb
g:\my_program\cpp\breakout\build\src\gameutil\gameutil.dir\debug\stb_image.obj
g:\my_program\cpp\breakout\build\src\gameutil\gameutil.dir\debug\texture.obj
g:\my_program\cpp\breakout\build\src\gameutil\gameutil.dir\debug\spriterenderer.obj
g:\my_program\cpp\breakout\build\src\gameutil\gameutil.dir\debug\shader.obj
g:\my_program\cpp\breakout\build\src\gameutil\gameutil.dir\debug\resourcemanager.obj
g:\my_program\cpp\breakout\build\src\gameutil\gameutil.dir\debug\postprocessor.obj
g:\my_program\cpp\breakout\build\src\gameutil\gameutil.dir\debug\particle.obj
g:\my_program\cpp\breakout\build\src\gameutil\gameutil.dir\debug\gamewindow.obj
g:\my_program\cpp\breakout\build\src\gameutil\gameutil.dir\debug\gameobject.obj
g:\my_program\cpp\breakout\build\src\gameutil\gameutil.dir\debug\gamelevel.obj
g:\my_program\cpp\breakout\build\src\gameutil\gameutil.dir\debug\game.obj
g:\my_program\cpp\breakout\build\src\gameutil\gameutil.dir\debug\direction.obj
g:\my_program\cpp\breakout\build\src\gameutil\gameutil.dir\debug\collision.obj
g:\my_program\cpp\breakout\build\src\gameutil\gameutil.dir\debug\audio.obj
g:\my_program\cpp\breakout\build\src\gameutil\cmakefiles\generate.stamp
g:\my_program\cpp\breakout\lib\debug\gameutil.lib
g:\my_program\cpp\breakout\build\src\gameutil\gameutil.dir\debug\gameutil.tlog\cl.command.1.tlog
g:\my_program\cpp\breakout\build\src\gameutil\gameutil.dir\debug\gameutil.tlog\cl.read.1.tlog
g:\my_program\cpp\breakout\build\src\gameutil\gameutil.dir\debug\gameutil.tlog\cl.write.1.tlog
g:\my_program\cpp\breakout\build\src\gameutil\gameutil.dir\debug\gameutil.tlog\custombuild.command.1.tlog
g:\my_program\cpp\breakout\build\src\gameutil\gameutil.dir\debug\gameutil.tlog\custombuild.read.1.tlog
g:\my_program\cpp\breakout\build\src\gameutil\gameutil.dir\debug\gameutil.tlog\custombuild.write.1.tlog
g:\my_program\cpp\breakout\build\src\gameutil\gameutil.dir\debug\gameutil.tlog\lib-link.read.1.tlog
g:\my_program\cpp\breakout\build\src\gameutil\gameutil.dir\debug\gameutil.tlog\lib-link.write.1.tlog
g:\my_program\cpp\breakout\build\src\gameutil\gameutil.dir\debug\gameutil.tlog\lib.command.1.tlog
